[0m
[0m [0m [0m [0m [0m [0m [0m [0m [0m [0m [0m [0m [0m [0m [0m [0m [0m [0m [0m [0m [0m [0m [0m [0m [0m [0m [0m [0m [0m [0m [0m [0m [0m [0m [0m [0m [0m [0m [0m [0m [0m [0m [0m [0m [0m [0m [0m [0m [0m [0m [0m [0m [0m [0m [0m [0m [0m [0m [0m [48;5;255m [48;5;255m [0m [0m [0m [0m [0m [0m [0m [0m [0m [0m [0m [0m
[0m [0m [0m [0m [0m [0m [0m [0m [0m [0m [0m [0m [0m [0m [0m [0m [0m [0m [0m [0m [0m [0m [0m [0m [0m [0m [0m [0m [0m [0m [0m [0m [0m [0m [0m [0m [0m [0m [0m [0m [0m [0m [0m [0m [0m [0m [0m [0m [0m [0m [0m [0m [0m [0m [0m [0m [0m [0m [0m [48;5;255m [48;5;255m [0m [0m [0m [0m [0m [0m [0m [0m [0m [0m [0m [0m
[0m [0m [0m [0m [0m [0m [0m [0m [0m [0m [0m [0m [0m [0m [0m [0m [0m [0m [0m [0m [0m [0m [0m [0m [0m [0m [0m [0m [0m [0m [0m [0m [0m [0m [0m [0m [0m [0m [0m [0m [0m [0m [0m [0m [0m [0m [0m [0m [0m [0m [0m [0m [0m [0m [0m [0m [0m [0m [0m [48;5;255m [48;5;255m [0m [0m [0m [0m [0m [0m [0m [0m [0m [0m [0m [0m
[48;5;255m [48;5;255m [48;5;255m [48;5;255m [48;5;255m [48;5;255m [48;5;255m [0m [0m [48;5;255m [48;5;255m [48;5;255m [48;5;255m [48;5;255m [48;5;255m [48;5;255m [48;5;255m [0m [0m [48;5;255m [48;5;255m [48;5;255m [48;5;255m [48;5;255m [48;5;255m [48;5;255m [48;5;255m [48;5;255m [48;5;255m [48;5;255m [48;5;255m [0m [0m [48;5;255m [48;5;255m [48;5;255m [48;5;255m [48;5;255m [48;5;255m [48;5;255m [48;5;255m [0m [0m [48;5;255m [48;5;255m [48;5;255m [48;5;255m [48;5;255m [48;5;255m [48;5;255m [48;5;255m [0m [0m [48;5;255m [48;5;255m [48;5;255m [48;5;255m [48;5;255m [48;5;255m [48;5;255m [48;5;255m [0m [0m [48;5;255m [48;5;255m [48;5;255m [48;5;255m [48;5;255m [48;5;255m [48;5;255m [48;5;255m [0m [0m [48;5;255m [48;5;255m [48;5;255m [48;5;255m [48;5;255m [48;5;255m [48;5;255m [48;5;255m [0m
[48;5;255m [48;5;255m [0m [0m [0m [0m [0m [0m [0m [48;5;255m [48;5;255m [0m [0m [0m [0m [48;5;255m [48;5;255m [0m [0m [48;5;255m [48;5;255m [0m [0m [0m [48;5;255m [48;5;255m [0m [0m [0m [48;5;255m [48;5;255m [0m [0m [48;5;255m [48;5;255m [0m [0m [0m [0m [48;5;255m [48;5;255m [0m [0m [48;5;255m [48;5;255m [0m [0m [0m [0m [48;5;255m [48;5;255m [0m [0m [48;5;255m [48;5;255m [0m [0m [0m [0m [48;5;255m [48;5;255m [0m [0m [48;5;255m [48;5;255m [0m [0m [0m [0m [48;5;255m [48;5;255m [0m [0m [48;5;255m [48;5;255m [0m
[48;5;255m [48;5;255m [0m [0m [0m [0m [0m [0m [0m [48;5;255m [48;5;255m [0m [0m [0m [0m [48;5;255m [48;5;255m [0m [0m [48;5;255m [48;5;255m [0m [0m [0m [48;5;255m [48;5;255m [0m [0m [0m [48;5;255m [48;5;255m [0m [0m [48;5;255m [48;5;255m [0m [0m [0m [0m [48;5;255m [48;5;255m [0m [0m [48;5;255m [48;5;255m [0m [0m [0m [0m [48;5;255m [48;5;255m [0m [0m [48;5;255m [48;5;255m [0m [0m [0m [0m [48;5;255m [48;5;255m [0m [0m [48;5;255m [48;5;255m [0m [0m [0m [0m [48;5;255m [48;5;255m [0m [0m [48;5;255m [48;5;255m [0m
[48;5;255m [48;5;255m [0m [0m [0m [0m [0m [0m [0m [48;5;255m [48;5;255m [0m [0m [0m [0m [48;5;255m [48;5;255m [0m [0m [48;5;255m [48;5;255m [0m [0m [0m [48;5;255m [48;5;255m [0m [0m [0m [48;5;255m [48;5;255m [0m [0m [48;5;255m [48;5;255m [0m [0m [0m [0m [48;5;255m [48;5;255m [0m [0m [48;5;255m [48;5;255m [0m [0m [0m [0m [48;5;255m [48;5;255m [0m [0m [48;5;255m [48;5;255m [0m [0m [0m [0m [48;5;255m [48;5;255m [0m [0m [48;5;255m [48;5;255m [0m [0m [0m [0m [48;5;255m [48;5;255m [0m [0m [48;5;255m [48;5;255m [0m
[48;5;255m [48;5;255m [48;5;255m [48;5;255m [48;5;255m [48;5;255m [48;5;255m [0m [0m [48;5;255m [48;5;255m [48;5;255m [48;5;255m [48;5;255m [48;5;255m [48;5;255m [48;5;255m [0m [0m [48;5;255m [48;5;255m [0m [0m [0m [48;5;255m [48;5;255m [0m [0m [0m [48;5;255m [48;5;255m [0m [0m [48;5;255m [48;5;255m [48;5;255m [48;5;255m [48;5;255m [48;5;255m [48;5;255m [48;5;255m [0m [0m [48;5;255m [48;5;255m [48;5;255m [48;5;255m [48;5;255m [48;5;255m [48;5;255m [48;5;255m [0m [0m [48;5;255m [48;5;255m [48;5;255m [48;5;255m [48;5;255m [48;5;255m [48;5;255m [48;5;255m [0m [0m [48;5;255m [48;5;255m [48;5;255m [48;5;255m [48;5;255m [48;5;255m [48;5;255m [48;5;255m [0m [0m [48;5;255m [48;5;255m [48;5;255m [48;5;255m [48;5;255m [48;5;255m [48;5;255m [48;5;255m [0m
[0m [0m [0m [0m [0m [0m [0m [0m [0m [0m [0m [0m [0m [0m [0m [0m [0m [0m [0m [0m [0m [0m [0m [0m [0m [0m [0m [0m [0m [0m [0m [0m [0m [48;5;255m [48;5;255m [0m [0m [0m [0m [0m [0m [0m [0m [0m [0m [0m [0m
[0m [0m [0m [0m [0m [0m [0m [0m [0m [0m [0m [0m [0m [0m [0m [0m [0m [0m [0m [0m [0m [0m [0m [0m [0m [0m [0m [0m [0m [0m [0m [0m [0m [48;5;255m [48;5;255m [0m [0m [0m [0m [0m [0m [0m [0m [0m [0m [0m [0m
[0m [0m [0m [0m [0m [0m [0m [0m [0m [0m [0m [0m [0m [0m [0m [0m [0m [0m [0m [0m [0m [0m [0m [0m [0m [0m [0m [0m [0m [0m [0m [0m [0m [48;5;255m [48;5;255m [0m [0m [0m [0m [0m [0m [0m [0m [0m [0m [0m [0m

1.1.11

TypeScript version used by Compodoc : 2.9.1

TypeScript version of current project : 4.3.2

Node.js version : v14.17.1

Operating system : Windows 10

[[90m16:27:42[39m] No configuration file found, switching to CLI flags.
[[90m16:27:42[39m] Using tsconfig file : D:\StorybookApp\tsconfig.json
[[90m16:27:42[39m] Including      : D:\StorybookApp\.browserslistrc
[[90m16:27:42[39m] Including      : D:\StorybookApp\.editorconfig
[[90m16:27:42[39m] Including      : D:\StorybookApp\.gitignore
[[90m16:27:42[39m] Including      : D:\StorybookApp\angular.json
[[90m16:27:42[39m] Including      : D:\StorybookApp\build-storybook.log
[[90m16:27:42[39m] Including      : D:\StorybookApp\documentation.json
[[90m16:27:42[39m] Including      : D:\StorybookApp\karma.conf.js
[[90m16:27:42[39m] Including      : D:\StorybookApp\package.json
[[90m16:27:42[39m] Including      : D:\StorybookApp\package-lock.json
[[90m16:27:42[39m] Including      : D:\StorybookApp\README.md
[[90m16:27:42[39m] Including      : D:\StorybookApp\tsconfig.app.json
[[90m16:27:42[39m] Including      : D:\StorybookApp\tsconfig.json
[[90m16:27:42[39m] Including      : D:\StorybookApp\tsconfig.spec.json
[[90m16:27:42[39m] Including      : D:\StorybookApp\.storybook\main.js
[[90m16:27:42[39m] Including      : D:\StorybookApp\.storybook\preview.js
[[90m16:27:42[39m] Including      : D:\StorybookApp\.storybook\tsconfig.json
[[90m16:27:42[39m] Ignoring       : D:\StorybookApp\.storybook\typings.d.ts
[[90m16:27:42[39m] Including      : D:\StorybookApp\src\favicon.ico
[[90m16:27:42[39m] Including      : D:\StorybookApp\src\index.html
[[90m16:27:42[39m] Including      : D:\StorybookApp\src\main.ts
[[90m16:27:42[39m] Including      : D:\StorybookApp\src\polyfills.ts
[[90m16:27:42[39m] Including      : D:\StorybookApp\src\styles.scss
[[90m16:27:42[39m] Including      : D:\StorybookApp\src\test.ts
[[90m16:27:42[39m] Including      : D:\StorybookApp\src\app\app-routing.module.ts
[[90m16:27:42[39m] Including      : D:\StorybookApp\src\app\app.component.html
[[90m16:27:42[39m] Ignoring       : D:\StorybookApp\src\app\app.component.spec.ts
[[90m16:27:42[39m] Including      : D:\StorybookApp\src\app\app.component.ts
[[90m16:27:42[39m] Including      : D:\StorybookApp\src\app\app.component.scss
[[90m16:27:42[39m] Including      : D:\StorybookApp\src\app\app.module.ts
[[90m16:27:42[39m] Including      : D:\StorybookApp\src\assets\.gitkeep
[[90m16:27:42[39m] Including      : D:\StorybookApp\src\environments\environment.prod.ts
[[90m16:27:42[39m] Including      : D:\StorybookApp\src\environments\environment.ts
[[90m16:27:42[39m] Including      : D:\StorybookApp\src\stories\button.component.ts
[[90m16:27:42[39m] Including      : D:\StorybookApp\src\stories\button.css
[[90m16:27:42[39m] Including      : D:\StorybookApp\src\stories\Button.stories.ts
[[90m16:27:42[39m] Including      : D:\StorybookApp\src\stories\header.component.ts
[[90m16:27:42[39m] Including      : D:\StorybookApp\src\stories\header.css
[[90m16:27:42[39m] Including      : D:\StorybookApp\src\stories\Header.stories.ts
[[90m16:27:42[39m] Including      : D:\StorybookApp\src\stories\Image.stories.ts
[[90m16:27:42[39m] Including      : D:\StorybookApp\src\stories\Introduction.stories.mdx
[[90m16:27:42[39m] Including      : D:\StorybookApp\src\stories\page.component.ts
[[90m16:27:42[39m] Including      : D:\StorybookApp\src\stories\page.css
[[90m16:27:42[39m] Including      : D:\StorybookApp\src\stories\Page.stories.ts
[[90m16:27:42[39m] Including      : D:\StorybookApp\src\app\image\image.component.html
[[90m16:27:42[39m] Including      : D:\StorybookApp\src\app\image\image.component.scss
[[90m16:27:42[39m] Ignoring       : D:\StorybookApp\src\app\image\image.component.spec.ts
[[90m16:27:42[39m] Including      : D:\StorybookApp\src\app\image\image.component.ts
[[90m16:27:42[39m] Including      : D:\StorybookApp\src\assets\images\kid.jpg
[[90m16:27:42[39m] Including      : D:\StorybookApp\src\assets\images\team-6.png
[[90m16:27:42[39m] Including      : D:\StorybookApp\src\stories\assets\code-brackets.svg
[[90m16:27:42[39m] Including      : D:\StorybookApp\src\stories\assets\colors.svg
[[90m16:27:42[39m] Including      : D:\StorybookApp\src\stories\assets\comments.svg
[[90m16:27:42[39m] Including      : D:\StorybookApp\src\stories\assets\direction.svg
[[90m16:27:42[39m] Including      : D:\StorybookApp\src\stories\assets\flow.svg
[[90m16:27:42[39m] Including      : D:\StorybookApp\src\stories\assets\plugin.svg
[[90m16:27:42[39m] Including      : D:\StorybookApp\src\stories\assets\repo.svg
[[90m16:27:42[39m] Including      : D:\StorybookApp\src\stories\assets\stackalt.svg
[[90m16:27:42[39m] Searching package.json file
[[90m16:27:42[39m] package.json file found
[[90m16:27:42[39m] Processing package.json dependencies
[[90m16:27:42[39m] Searching README.md, CHANGELOG.md, CONTRIBUTING.md, LICENSE.md, TODO.md files
[[90m16:27:42[39m] README.md file found
[[90m16:27:42[39m] Error during D:\StorybookApp\CHANGELOG read
[[90m16:27:42[39m] Continuing without CHANGELOG.md file
[[90m16:27:42[39m] Error during D:\StorybookApp\CONTRIBUTING read
[[90m16:27:42[39m] Continuing without CONTRIBUTING.md file
[[90m16:27:42[39m] Error during D:\StorybookApp\LICENSE read
[[90m16:27:42[39m] Continuing without LICENSE.md file
[[90m16:27:42[39m] Error during D:\StorybookApp\TODO read
[[90m16:27:42[39m] Continuing without TODO.md file
[[90m16:27:42[39m] Get dependencies data
[[90m16:27:42[39m] parsing        : D:/StorybookApp/src/main.ts
[[90m16:27:42[39m] parsing        : D:/StorybookApp/src/polyfills.ts
[[90m16:27:42[39m] parsing        : D:/StorybookApp/src/test.ts
[[90m16:27:42[39m] parsing        : D:/StorybookApp/src/app/app-routing.module.ts
[[90m16:27:42[39m] Analysing routes definitions and clean them if necessary
[[90m16:27:42[39m] found          : AppRoutingModule
[[90m16:27:42[39m]                : - imports:
[[90m16:27:42[39m]                : 	- RouterModule
[[90m16:27:42[39m]                : - exports:
[[90m16:27:42[39m]                : 	- RouterModule
[[90m16:27:42[39m] parsing        : D:/StorybookApp/src/app/app.component.ts
[[90m16:27:42[39m] found          : AppComponent
[[90m16:27:42[39m] parsing        : D:/StorybookApp/src/app/app.module.ts
[[90m16:27:42[39m] found          : AppModule
[[90m16:27:42[39m]                : - imports:
[[90m16:27:42[39m]                : 	- BrowserModule
[[90m16:27:42[39m]                : 	- AppRoutingModule
[[90m16:27:42[39m]                : - declarations:
[[90m16:27:42[39m]                : 	- AppComponent
[[90m16:27:42[39m]                : 	- ImageComponent
[[90m16:27:42[39m]                : - bootstrap:
[[90m16:27:42[39m]                : 	- AppComponent
[[90m16:27:42[39m] parsing        : D:/StorybookApp/src/environments/environment.prod.ts
[[90m16:27:42[39m] parsing        : D:/StorybookApp/src/environments/environment.ts
[[90m16:27:42[39m] parsing        : D:/StorybookApp/src/stories/button.component.ts
[[90m16:27:42[39m] found          : ButtonComponent
[[90m16:27:42[39m] parsing        : D:/StorybookApp/src/stories/Button.stories.ts
[[90m16:27:42[39m] parsing        : D:/StorybookApp/src/stories/header.component.ts
[[90m16:27:42[39m] found          : HeaderComponent
[[90m16:27:42[39m] parsing        : D:/StorybookApp/src/stories/Header.stories.ts
[[90m16:27:42[39m] parsing        : D:/StorybookApp/src/stories/Image.stories.ts
[[90m16:27:42[39m] parsing        : D:/StorybookApp/src/stories/page.component.ts
[[90m16:27:42[39m] found          : PageComponent
[[90m16:27:42[39m] parsing        : D:/StorybookApp/src/stories/Page.stories.ts
[[90m16:27:42[39m] parsing        : D:/StorybookApp/src/app/image/image.component.ts
[[90m16:27:42[39m] found          : ImageComponent
[[90m16:27:42[39m] -------------------
[[90m16:27:42[39m] Project statistics 
[[90m16:27:42[39m] - files      : 54
[[90m16:27:42[39m] - module     : 2
[[90m16:27:42[39m] - component  : 5
[[90m16:27:42[39m] -------------------
[[90m16:27:42[39m] Prepare components
[[90m16:27:42[39m]  AppComponent has a templateUrl, include it
[[90m16:27:42[39m]  AppComponent has styleUrls, include them
[[90m16:27:42[39m]  ButtonComponent has styleUrls, include them
[[90m16:27:42[39m]  HeaderComponent has styleUrls, include them
[[90m16:27:42[39m]  ImageComponent has a templateUrl, include it
[[90m16:27:42[39m]  ImageComponent has styleUrls, include them
[[90m16:27:42[39m]  PageComponent has styleUrls, include them
[[90m16:27:42[39m] Prepare modules
[[90m16:27:42[39m] Process routes
[[90m16:27:42[39m] Prepare miscellaneous
[[90m16:27:42[39m] Process documentation coverage report
[[90m16:27:42[39m] Generating documentation in export format json
[[90m16:27:42[39m] Documentation generated in ./ in 0.925 seconds
info @storybook/angular v6.3.1
info 
info => Cleaning outputDir: C:\Users\HP\AppData\Local\Temp\chromatic--4556-lm5pJCs8qhJv
info => Loading presets
info => Compiling preview..
info => Loading 1 config file in "D:\StorybookApp\.storybook"
info => Loading 9 other files in "D:\StorybookApp\.storybook"
info => Adding stories defined in "D:\StorybookApp\.storybook\main.js"
info => Found custom tsconfig.json
Compiling @angular/animations : fesm2015 as esm2015
Compiling @angular/core : fesm2015 as esm2015
Compiling @angular/animations/browser : fesm2015 as esm2015
Compiling @angular/animations/browser/testing : fesm2015 as esm2015
Compiling @angular/common : fesm2015 as esm2015
Compiling @angular/common/http : fesm2015 as esm2015
Compiling @angular/common/http/testing : fesm2015 as esm2015
Compiling @angular/elements : fesm2015 as esm2015
Compiling @angular/forms : fesm2015 as esm2015
Compiling @angular/platform-browser : fesm2015 as esm2015
Compiling @angular/platform-browser/animations : fesm2015 as esm2015
Compiling @angular/core/testing : fesm2015 as esm2015
Compiling @angular/platform-browser-dynamic : fesm2015 as esm2015
Compiling @angular/platform-browser/testing : fesm2015 as esm2015
Compiling @angular/compiler/testing : fesm2015 as esm2015
Compiling @angular/platform-browser-dynamic/testing : fesm2015 as esm2015
Compiling @angular/common/testing : fesm2015 as esm2015
Compiling @angular/router : fesm2015 as esm2015
Compiling @angular/router/testing : fesm2015 as esm2015
info => Using implicit CSS loaders
info => Loading angular-cli config
info => Using angular project "storybook-demo:build" for configuring Storybook
info => Using angular-cli webpack config
info => Using default Webpack5 setup
<s> [webpack.Progress] 0% 

<s> [webpack.Progress] 1% setup initialize
<s> [webpack.Progress] 1% setup initialize HtmlWebpackPlugin
<s> [webpack.Progress] 1% setup initialize
<s> [webpack.Progress] 2% setup before run
<s> [webpack.Progress] 2% setup before run NodeEnvironmentPlugin
<s> [webpack.Progress] 2% setup before run
<s> [webpack.Progress] 3% setup run
<s> [webpack.Progress] 3% setup run fork-ts-checker-webpack-plugin
<s> [webpack.Progress] 3% setup run
<s> [webpack.Progress] 4% setup normal module factory
<s> [webpack.Progress] 4% setup normal module factory CaseSensitivePathsPlugin
<s> [webpack.Progress] 4% setup normal module factory
<s> [webpack.Progress] 5% setup context module factory
<s> [webpack.Progress] 5% setup context module factory ContextReplacementPlugin
<s> [webpack.Progress] 5% setup context module factory ContextReplacementPlugin
<s> [webpack.Progress] 5% setup context module factory
<s> [webpack.Progress] 6% setup before compile
<s> [webpack.Progress] 6% setup before compile ProgressPlugin
<s> [webpack.Progress] 6% setup before compile
<s> [webpack.Progress] 7% setup compile
<s> [webpack.Progress] 7% setup compile fork-ts-checker-webpack-plugin
Starting type checking service...
<s> [webpack.Progress] 7% setup compile ExternalsPlugin
<s> [webpack.Progress] 7% setup compile
<s> [webpack.Progress] 8% setup compilation
<s> [webpack.Progress] 8% setup compilation CopyPlugin
<s> [webpack.Progress] 8% setup compilation ArrayPushCallbackChunkFormatPlugin
<s> [webpack.Progress] 8% setup compilation JsonpChunkLoadingPlugin
<s> [webpack.Progress] 8% setup compilation StartupChunkDependenciesPlugin
<s> [webpack.Progress] 8% setup compilation ImportScriptsChunkLoadingPlugin
<s> [webpack.Progress] 8% setup compilation FetchCompileWasmPlugin
<s> [webpack.Progress] 8% setup compilation FetchCompileAsyncWasmPlugin
<s> [webpack.Progress] 8% setup compilation WorkerPlugin
<s> [webpack.Progress] 8% setup compilation SplitChunksPlugin
<s> [webpack.Progress] 8% setup compilation RuntimeChunkPlugin
<s> [webpack.Progress] 8% setup compilation ResolverCachePlugin
<s> [webpack.Progress] 8% setup compilation HtmlWebpackPlugin
<s> [webpack.Progress] 8% setup compilation
<s> [webpack.Progress] 9% setup compilation
<s> [webpack.Progress] 9% setup compilation AnyComponentStyleBudgetChecker
<s> [webpack.Progress] 9% setup compilation DedupeModuleResolvePlugin
<s> [webpack.Progress] 9% setup compilation DefinePlugin
<s> [webpack.Progress] 9% setup compilation ProgressPlugin
<s> [webpack.Progress] 9% setup compilation ChunkPrefetchPreloadPlugin
<s> [webpack.Progress] 9% setup compilation SourceMapDevToolPlugin
<s> [webpack.Progress] 9% setup compilation JavascriptModulesPlugin
<s> [webpack.Progress] 9% setup compilation JsonModulesPlugin
<s> [webpack.Progress] 9% setup compilation AssetModulesPlugin
<s> [webpack.Progress] 9% setup compilation EntryPlugin
<s> [webpack.Progress] 9% setup compilation EntryPlugin
<s> [webpack.Progress] 9% setup compilation EntryPlugin
<s> [webpack.Progress] 9% setup compilation EntryPlugin
<s> [webpack.Progress] 9% setup compilation EntryPlugin
<s> [webpack.Progress] 9% setup compilation EntryPlugin
<s> [webpack.Progress] 9% setup compilation EntryPlugin
<s> [webpack.Progress] 9% setup compilation EntryPlugin
<s> [webpack.Progress] 9% setup compilation EntryPlugin
<s> [webpack.Progress] 9% setup compilation EntryPlugin
<s> [webpack.Progress] 9% setup compilation EntryPlugin
<s> [webpack.Progress] 9% setup compilation EntryPlugin
<s> [webpack.Progress] 9% setup compilation EntryPlugin
<s> [webpack.Progress] 9% setup compilation EntryPlugin
<s> [webpack.Progress] 9% setup compilation EntryPlugin
<s> [webpack.Progress] 9% setup compilation RuntimePlugin
<s> [webpack.Progress] 9% setup compilation InferAsyncModulesPlugin
<s> [webpack.Progress] 9% setup compilation DataUriPlugin
<s> [webpack.Progress] 9% setup compilation FileUriPlugin
<s> [webpack.Progress] 9% setup compilation CompatibilityPlugin
<s> [webpack.Progress] 9% setup compilation HarmonyModulesPlugin
<s> [webpack.Progress] 9% setup compilation AMDPlugin
<s> [webpack.Progress] 9% setup compilation RequireJsStuffPlugin
<s> [webpack.Progress] 9% setup compilation CommonJsPlugin
<s> [webpack.Progress] 9% setup compilation LoaderPlugin
<s> [webpack.Progress] 9% setup compilation LoaderPlugin
<s> [webpack.Progress] 9% setup compilation NodeStuffPlugin
<s> [webpack.Progress] 9% setup compilation APIPlugin
<s> [webpack.Progress] 9% setup compilation ExportsInfoApiPlugin
<s> [webpack.Progress] 9% setup compilation WebpackIsIncludedPlugin
<s> [webpack.Progress] 9% setup compilation ConstPlugin
<s> [webpack.Progress] 9% setup compilation UseStrictPlugin
<s> [webpack.Progress] 9% setup compilation RequireIncludePlugin
<s> [webpack.Progress] 9% setup compilation RequireEnsurePlugin
<s> [webpack.Progress] 9% setup compilation RequireContextPlugin
<s> [webpack.Progress] 9% setup compilation ImportPlugin
<s> [webpack.Progress] 9% setup compilation SystemPlugin
<s> [webpack.Progress] 9% setup compilation ImportMetaPlugin
<s> [webpack.Progress] 9% setup compilation URLPlugin
<s> [webpack.Progress] 9% setup compilation DefaultStatsFactoryPlugin
<s> [webpack.Progress] 9% setup compilation DefaultStatsPresetPlugin
<s> [webpack.Progress] 9% setup compilation DefaultStatsPrinterPlugin
<s> [webpack.Progress] 9% setup compilation JavascriptMetaInfoPlugin
<s> [webpack.Progress] 9% setup compilation EnsureChunkConditionsPlugin
<s> [webpack.Progress] 9% setup compilation RemoveEmptyChunksPlugin
<s> [webpack.Progress] 9% setup compilation MergeDuplicateChunksPlugin
<s> [webpack.Progress] 9% setup compilation FlagIncludedChunksPlugin
<s> [webpack.Progress] 9% setup compilation SideEffectsFlagPlugin
<s> [webpack.Progress] 9% setup compilation FlagDependencyExportsPlugin
<s> [webpack.Progress] 9% setup compilation FlagDependencyUsagePlugin
<s> [webpack.Progress] 9% setup compilation InnerGraphPlugin
<s> [webpack.Progress] 9% setup compilation MangleExportsPlugin
<s> [webpack.Progress] 9% setup compilation ModuleConcatenationPlugin
<s> [webpack.Progress] 9% setup compilation NoEmitOnErrorsPlugin
<s> [webpack.Progress] 9% setup compilation RealContentHashPlugin
<s> [webpack.Progress] 9% setup compilation WasmFinalizeExportsPlugin
<s> [webpack.Progress] 9% setup compilation DeterministicModuleIdsPlugin
<s> [webpack.Progress] 9% setup compilation DeterministicChunkIdsPlugin
<s> [webpack.Progress] 9% setup compilation DefinePlugin
<s> [webpack.Progress] 9% setup compilation TerserPlugin
<s> [webpack.Progress] 9% setup compilation TemplatedPathPlugin
<s> [webpack.Progress] 9% setup compilation RecordIdsPlugin
<s> [webpack.Progress] 9% setup compilation WarnCaseSensitiveModulesPlugin
<s> [webpack.Progress] 9% setup compilation IgnoreWarningsPlugin
<s> [webpack.Progress] 9% setup compilation
<s> [webpack.Progress] 10% building
<s> [webpack.Progress] 10% building 0/1 entries 0/0 dependencies 0/0 modules
<s> [webpack.Progress] 10% building import loader ./node_modules/babel-loader/lib/index.js
<s> [webpack.Progress] 10% building 0/15 entries 3/15 dependencies 0/3 modules
<s> [webpack.Progress] 10% building import loader ./node_modules/style-loader/dist/cjs.js
<s> [webpack.Progress] 10% building import loader ./node_modules/css-loader/dist/cjs.js
<s> [webpack.Progress] 10% building import loader ./node_modules/postcss-loader/dist/cjs.js
<s> [webpack.Progress] 10% building import loader ./node_modules/resolve-url-loader/index.js
<s> [webpack.Progress] 10% building import loader ./node_modules/sass-loader/dist/cjs.js
<s> [webpack.Progress] 10% building 0/15 entries 4/15 dependencies 0/4 modules
<s> [webpack.Progress] 10% building 0/15 entries 17/48 dependencies 0/16 modules
<s> [webpack.Progress] 10% building 0/15 entries 87/194 dependencies 7/57 modules
<s> [webpack.Progress] 13% building 1/15 entries 170/376 dependencies 12/100 modules
<s> [webpack.Progress] 13% building import loader ./node_modules/@mdx-js/loader/index.js
<s> [webpack.Progress] 13% building 1/15 entries 447/532 dependencies 13/204 modules
<s> [webpack.Progress] 13% building import loader ./node_modules/ts-loader/index.js
<s> [webpack.Progress] 13% building import loader ./node_modules/@storybook/angular/dist/ts3.9/server/ngx-template-loader/index.js
<s> [webpack.Progress] 13% building import loader ./node_modules/@storybook/source-loader/dist/cjs/index.js
<s> [webpack.Progress] 13% building 1/15 entries 629/693 dependencies 16/258 modules
[BABEL] Note: The code generator has deoptimised the styling of D:\StorybookApp\node_modules\prettier\standalone.js as it exceeds the max of 500KB.
<s> [webpack.Progress] 13% building 1/15 entries 655/700 dependencies 16/267 modules
<s> [webpack.Progress] 17% building 2/15 entries 795/924 dependencies 27/282 modules
<s> [webpack.Progress] 17% building 2/15 entries 1300/1431 dependencies 104/374 modules
<s> [webpack.Progress] 17% building 2/15 entries 1663/1800 dependencies 265/439 modules
<s> [webpack.Progress] 17% building import loader ./node_modules/raw-loader/dist/cjs.js
<s> [webpack.Progress] 17% building 2/15 entries 2012/2089 dependencies 291/522 modules
<s> [webpack.Progress] 17% building 2/15 entries 2500/2626 dependencies 324/592 modules
<s> [webpack.Progress] 17% building 2/15 entries 2879/3200 dependencies 397/722 modules
<s> [webpack.Progress] 17% building 2/15 entries 3400/3476 dependencies 499/954 modules
<s> [webpack.Progress] 17% building 2/15 entries 3570/3600 dependencies 551/986 modules
<s> [webpack.Progress] 18% building 2/15 entries 4169/4300 dependencies 794/1092 modules
<s> [webpack.Progress] 21% building 2/15 entries 4650/4700 dependencies 1037/1192 modules
<s> [webpack.Progress] 22% building 3/15 entries 4995/5030 dependencies 1128/1270 modules
<s> [webpack.Progress] 24% building 4/15 entries 4995/5030 dependencies 1129/1270 modules
<s> [webpack.Progress] 28% building 5/15 entries 4995/5030 dependencies 1130/1270 modules
<s> [webpack.Progress] 32% building 6/15 entries 4995/5030 dependencies 1131/1270 modules
<s> [webpack.Progress] 35% building 7/15 entries 4995/5030 dependencies 1132/1270 modules
<s> [webpack.Progress] 39% building 8/15 entries 4995/5030 dependencies 1133/1270 modules
<s> [webpack.Progress] 43% building 9/15 entries 4995/5030 dependencies 1134/1270 modules
<s> [webpack.Progress] 46% building 10/15 entries 4995/5030 dependencies 1135/1270 modules
<s> [webpack.Progress] 50% building 11/15 entries 4995/5030 dependencies 1136/1270 modules
<s> [webpack.Progress] 54% building 12/15 entries 5517/5528 dependencies 1382/1414 modules
<s> [webpack.Progress] 57% building 13/15 entries 5532/5532 dependencies 1405/1424 modules
<s> [webpack.Progress] 61% building 14/15 entries 5532/5532 dependencies 1406/1424 modules
<s> [webpack.Progress] 64% building 15/15 entries 5536/5536 dependencies 1424/1424 modules
<s> [webpack.Progress] 65% building
<s> [webpack.Progress] 69% building finish
<s> [webpack.Progress] 69% building finish
<s> [webpack.Progress] 70% sealing finish module graph
<s> [webpack.Progress] 70% sealing finish module graph ResolverCachePlugin
<s> [webpack.Progress] 70% sealing finish module graph InferAsyncModulesPlugin
<s> [webpack.Progress] 70% sealing finish module graph FlagDependencyExportsPlugin
<s> [webpack.Progress] 70% sealing finish module graph InnerGraphPlugin
<s> [webpack.Progress] 70% sealing finish module graph WasmFinalizeExportsPlugin
<s> [webpack.Progress] 70% sealing finish module graph
<s> [webpack.Progress] 70% sealing plugins
<s> [webpack.Progress] 70% sealing plugins WarnCaseSensitiveModulesPlugin
<s> [webpack.Progress] 70% sealing plugins
<s> [webpack.Progress] 71% sealing dependencies optimization
<s> [webpack.Progress] 71% sealing dependencies optimization SideEffectsFlagPlugin
<s> [webpack.Progress] 71% sealing dependencies optimization FlagDependencyUsagePlugin
<s> [webpack.Progress] 71% sealing dependencies optimization
<s> [webpack.Progress] 71% sealing after dependencies optimization
<s> [webpack.Progress] 71% sealing after dependencies optimization
<s> [webpack.Progress] 72% sealing chunk graph
<s> [webpack.Progress] 72% sealing chunk graph
<s> [webpack.Progress] 73% sealing after chunk graph
<s> [webpack.Progress] 73% sealing after chunk graph
<s> [webpack.Progress] 73% sealing optimizing
<s> [webpack.Progress] 73% sealing optimizing
<s> [webpack.Progress] 74% sealing module optimization
<s> [webpack.Progress] 74% sealing module optimization
<s> [webpack.Progress] 75% sealing after module optimization
<s> [webpack.Progress] 75% sealing after module optimization
<s> [webpack.Progress] 75% sealing chunk optimization
<s> [webpack.Progress] 75% sealing chunk optimization EnsureChunkConditionsPlugin
<s> [webpack.Progress] 75% sealing chunk optimization RemoveEmptyChunksPlugin
<s> [webpack.Progress] 75% sealing chunk optimization MergeDuplicateChunksPlugin
<s> [webpack.Progress] 75% sealing chunk optimization SplitChunksPlugin
<s> [webpack.Progress] 75% sealing chunk optimization RemoveEmptyChunksPlugin
<s> [webpack.Progress] 75% sealing chunk optimization
<s> [webpack.Progress] 76% sealing after chunk optimization
<s> [webpack.Progress] 76% sealing after chunk optimization
<s> [webpack.Progress] 77% sealing module and chunk tree optimization
<s> [webpack.Progress] 77% sealing module and chunk tree optimization PersistentChildCompilerSingletonPlugin
<s> [webpack.Progress] 77% sealing module and chunk tree optimization
<s> [webpack.Progress] 77% sealing after module and chunk tree optimization
<s> [webpack.Progress] 77% sealing after module and chunk tree optimization
<s> [webpack.Progress] 78% sealing chunk modules optimization
<s> [webpack.Progress] 78% sealing chunk modules optimization ModuleConcatenationPlugin
<s> [webpack.Progress] 78% sealing chunk modules optimization
<s> [webpack.Progress] 78% sealing after chunk modules optimization
<s> [webpack.Progress] 78% sealing after chunk modules optimization
<s> [webpack.Progress] 79% sealing module reviving
<s> [webpack.Progress] 79% sealing module reviving RecordIdsPlugin
<s> [webpack.Progress] 79% sealing module reviving
<s> [webpack.Progress] 80% sealing before module ids
<s> [webpack.Progress] 80% sealing before module ids
<s> [webpack.Progress] 80% sealing module ids
<s> [webpack.Progress] 80% sealing module ids DeterministicModuleIdsPlugin
<s> [webpack.Progress] 80% sealing module ids
<s> [webpack.Progress] 81% sealing module id optimization
<s> [webpack.Progress] 81% sealing module id optimization
<s> [webpack.Progress] 82% sealing module id optimization
<s> [webpack.Progress] 82% sealing module id optimization
<s> [webpack.Progress] 82% sealing chunk reviving
<s> [webpack.Progress] 82% sealing chunk reviving RecordIdsPlugin
<s> [webpack.Progress] 82% sealing chunk reviving
<s> [webpack.Progress] 83% sealing before chunk ids
<s> [webpack.Progress] 83% sealing before chunk ids
<s> [webpack.Progress] 84% sealing chunk ids
<s> [webpack.Progress] 84% sealing chunk ids DeterministicChunkIdsPlugin
<s> [webpack.Progress] 84% sealing chunk ids
<s> [webpack.Progress] 84% sealing chunk id optimization
<s> [webpack.Progress] 84% sealing chunk id optimization FlagIncludedChunksPlugin
<s> [webpack.Progress] 84% sealing chunk id optimization
<s> [webpack.Progress] 85% sealing after chunk id optimization
<s> [webpack.Progress] 85% sealing after chunk id optimization
<s> [webpack.Progress] 86% sealing record modules
<s> [webpack.Progress] 86% sealing record modules RecordIdsPlugin
<s> [webpack.Progress] 86% sealing record modules
<s> [webpack.Progress] 86% sealing record chunks
<s> [webpack.Progress] 86% sealing record chunks RecordIdsPlugin
<s> [webpack.Progress] 86% sealing record chunks
<s> [webpack.Progress] 87% sealing module hashing
<s> [webpack.Progress] 87% sealing module hashing
<s> [webpack.Progress] 87% sealing code generation
<s> [webpack.Progress] 87% sealing code generation
<s> [webpack.Progress] 88% sealing runtime requirements
<s> [webpack.Progress] 88% sealing runtime requirements
<s> [webpack.Progress] 89% sealing hashing
<s> [webpack.Progress] 89% sealing hashing
<s> [webpack.Progress] 89% sealing after hashing
<s> [webpack.Progress] 89% sealing after hashing
<s> [webpack.Progress] 90% sealing record hash
<s> [webpack.Progress] 90% sealing record hash
<s> [webpack.Progress] 91% sealing module assets processing
<s> [webpack.Progress] 91% sealing module assets processing
<s> [webpack.Progress] 91% sealing chunk assets processing
<s> [webpack.Progress] 91% sealing chunk assets processing
<s> [webpack.Progress] 92% sealing asset processing
<s> [webpack.Progress] 92% sealing asset processing copy-webpack-plugin
<s> [webpack.Progress] 92% sealing asset processing PersistentChildCompilerSingletonPlugin
<s> [webpack.Progress] 92% sealing asset processing TerserPlugin
<s> [webpack.Progress] 92% sealing asset processing SourceMapDevToolPlugin
<s> [webpack.Progress] 92% sealing asset processing SourceMapDevToolPlugin
<s> [webpack.Progress] 92% sealing asset processing SourceMapDevToolPlugin main.6dc91dca.iframe.bundle.js generate SourceMap
<s> [webpack.Progress] 92% sealing asset processing SourceMapDevToolPlugin main.6dc91dca.iframe.bundle.js generated SourceMap
<s> [webpack.Progress] 92% sealing asset processing SourceMapDevToolPlugin runtime~main.5057d799.iframe.bundle.js generate SourceMap
<s> [webpack.Progress] 92% sealing asset processing SourceMapDevToolPlugin runtime~main.5057d799.iframe.bundle.js generated SourceMap
<s> [webpack.Progress] 92% sealing asset processing SourceMapDevToolPlugin 90.316296ba.iframe.bundle.js generate SourceMap
<s> [webpack.Progress] 92% sealing asset processing SourceMapDevToolPlugin 90.316296ba.iframe.bundle.js generated SourceMap
<s> [webpack.Progress] 92% sealing asset processing SourceMapDevToolPlugin 913.4fb96e12.iframe.bundle.js generate SourceMap
<s> [webpack.Progress] 92% sealing asset processing SourceMapDevToolPlugin 913.4fb96e12.iframe.bundle.js generated SourceMap
<s> [webpack.Progress] 92% sealing asset processing SourceMapDevToolPlugin 881.cda138f6.iframe.bundle.js generate SourceMap
<s> [webpack.Progress] 92% sealing asset processing SourceMapDevToolPlugin 881.cda138f6.iframe.bundle.js generated SourceMap
<s> [webpack.Progress] 92% sealing asset processing SourceMapDevToolPlugin 459.22783ed9.iframe.bundle.js generate SourceMap
<s> [webpack.Progress] 92% sealing asset processing SourceMapDevToolPlugin 459.22783ed9.iframe.bundle.js generated SourceMap
<s> [webpack.Progress] 92% sealing asset processing SourceMapDevToolPlugin 331.5d471ffb.iframe.bundle.js generate SourceMap
<s> [webpack.Progress] 92% sealing asset processing SourceMapDevToolPlugin 331.5d471ffb.iframe.bundle.js generated SourceMap
<s> [webpack.Progress] 92% sealing asset processing SourceMapDevToolPlugin 700.9856229c.iframe.bundle.js generate SourceMap
<s> [webpack.Progress] 92% sealing asset processing SourceMapDevToolPlugin 700.9856229c.iframe.bundle.js generated SourceMap
<s> [webpack.Progress] 92% sealing asset processing SourceMapDevToolPlugin resolve sources
<s> [webpack.Progress] 92% sealing asset processing SourceMapDevToolPlugin main.6dc91dca.iframe.bundle.js attach SourceMap
<s> [webpack.Progress] 92% sealing asset processing SourceMapDevToolPlugin main.6dc91dca.iframe.bundle.js attached SourceMap
<s> [webpack.Progress] 92% sealing asset processing SourceMapDevToolPlugin runtime~main.5057d799.iframe.bundle.js attach SourceMap
<s> [webpack.Progress] 92% sealing asset processing SourceMapDevToolPlugin runtime~main.5057d799.iframe.bundle.js attached SourceMap
<s> [webpack.Progress] 92% sealing asset processing SourceMapDevToolPlugin 90.316296ba.iframe.bundle.js attach SourceMap
<s> [webpack.Progress] 92% sealing asset processing SourceMapDevToolPlugin 90.316296ba.iframe.bundle.js attached SourceMap
<s> [webpack.Progress] 92% sealing asset processing SourceMapDevToolPlugin 913.4fb96e12.iframe.bundle.js attach SourceMap
<s> [webpack.Progress] 92% sealing asset processing SourceMapDevToolPlugin 913.4fb96e12.iframe.bundle.js attached SourceMap
<s> [webpack.Progress] 92% sealing asset processing SourceMapDevToolPlugin 881.cda138f6.iframe.bundle.js attach SourceMap
<s> [webpack.Progress] 92% sealing asset processing SourceMapDevToolPlugin 881.cda138f6.iframe.bundle.js attached SourceMap
<s> [webpack.Progress] 92% sealing asset processing SourceMapDevToolPlugin 459.22783ed9.iframe.bundle.js attach SourceMap
<s> [webpack.Progress] 92% sealing asset processing SourceMapDevToolPlugin 459.22783ed9.iframe.bundle.js attached SourceMap
<s> [webpack.Progress] 92% sealing asset processing SourceMapDevToolPlugin 331.5d471ffb.iframe.bundle.js attach SourceMap
<s> [webpack.Progress] 92% sealing asset processing SourceMapDevToolPlugin 331.5d471ffb.iframe.bundle.js attached SourceMap
<s> [webpack.Progress] 92% sealing asset processing SourceMapDevToolPlugin 700.9856229c.iframe.bundle.js attach SourceMap
<s> [webpack.Progress] 92% sealing asset processing SourceMapDevToolPlugin 700.9856229c.iframe.bundle.js attached SourceMap
<s> [webpack.Progress] 92% sealing asset processing SourceMapDevToolPlugin
<s> [webpack.Progress] 92% sealing asset processing SourceMapDevToolPlugin
<s> [webpack.Progress] 92% sealing asset processing SourceMapDevToolPlugin resolve sources
<s> [webpack.Progress] 92% sealing asset processing SourceMapDevToolPlugin
<s> [webpack.Progress] 92% sealing asset processing HtmlWebpackPlugin
<s> [webpack.Progress] 92% sealing asset processing HtmlWebpackPlugin
<s> [webpack.Progress] 92% sealing asset processing HtmlWebpackPlugin resolve sources
<s> [webpack.Progress] 92% sealing asset processing HtmlWebpackPlugin
<s> [webpack.Progress] 92% sealing asset processing RealContentHashPlugin
<s> [webpack.Progress] 92% sealing asset processing RealContentHashPlugin
<s> [webpack.Progress] 92% sealing asset processing RealContentHashPlugin resolve sources
<s> [webpack.Progress] 92% sealing asset processing RealContentHashPlugin
<s> [webpack.Progress] 92% sealing asset processing AnyComponentStyleBudgetChecker
<s> [webpack.Progress] 92% sealing asset processing
<s> [webpack.Progress] 93% sealing after asset optimization
<s> [webpack.Progress] 93% sealing after asset optimization
<s> [webpack.Progress] 93% sealing recording
<s> [webpack.Progress] 93% sealing recording
<s> [webpack.Progress] 94% sealing after seal
<s> [webpack.Progress] 94% sealing after seal
<s> [webpack.Progress] 95% emitting emit
<s> [webpack.Progress] 95% emitting emit fork-ts-checker-webpack-plugin
<s> [webpack.Progress] 95% emitting emit
<s> [webpack.Progress] 98% emitting after emit
<s> [webpack.Progress] 98% emitting after emit SizeLimitsPlugin
<s> [webpack.Progress] 98% emitting after emit
<s> [webpack.Progress] 99% done plugins
<s> [webpack.Progress] 99% done plugins CaseSensitivePathsPlugin
<s> [webpack.Progress] 99% done plugins fork-ts-checker-webpack-plugin
<s> [webpack.Progress] 99% done plugins fork-ts-checker-webpack-plugin
<s> [webpack.Progress] 99% done plugins
<s> [webpack.Progress] 99% 

<s> [webpack.Progress] 99% cache store build dependencies
<s> [webpack.Progress] 99% cache store build dependencies
<s> [webpack.Progress] 99% cache begin idle
<s> [webpack.Progress] 99% cache begin idle
<s> [webpack.Progress] 100% 

info => Preview built (1.8 min)
WARN System.import() is deprecated and will be removed soon. Use import() instead.
WARN For more info visit https://webpack.js.org/guides/code-splitting/
WARN System.import() is deprecated and will be removed soon. Use import() instead.
WARN For more info visit https://webpack.js.org/guides/code-splitting/
WARN asset size limit: The following asset(s) exceed the recommended size limit (244 KiB).
WARN This can impact web performance.
WARN Assets: 
WARN   assets/images/kid.jpg (475 KiB)
WARN   700.30af5256.iframe.bundle.js (3.87 MiB)
WARN entrypoint size limit: The following entrypoint(s) combined asset size exceeds the recommended limit (244 KiB). This can impact web performance.
WARN Entrypoints:
WARN   main (3.94 MiB)
WARN       runtime~main.f88d08ad.iframe.bundle.js
WARN       700.30af5256.iframe.bundle.js
WARN       main.b8d87e72.iframe.bundle.js
WARN 
info => Output directory: C:\Users\HP\AppData\Local\Temp\chromatic--4556-lm5pJCs8qhJv
